  [1m[35m (280.1ms)[0m  [1m[35mCREATE DATABASE "zane_office_development" ENCODING = 'unicode'[0m
  [1m[35m (177.1ms)[0m  [1m[35mCREATE DATABASE "zane_office_test" ENCODING = 'unicode'[0m
Started GET "/" for ::1 at 2023-06-21 22:45:19 +0700
  
ActionController::RoutingError (uninitialized constant SupportsController

      Object.const_get(camel_cased_word)
            ^^^^^^^^^^

            raise MissingController.new(error.message, error.name)
            ^^^^^):
  
Started GET "/favicon.ico" for ::1 at 2023-06-21 22:45:20 +0700
  
ActionController::RoutingError (No route matches [GET] "/favicon.ico"):
  
Started GET "/" for ::1 at 2023-06-21 22:45:34 +0700
  
ActionController::RoutingError (uninitialized constant SupportsController

      Object.const_get(camel_cased_word)
            ^^^^^^^^^^

            raise MissingController.new(error.message, error.name)
            ^^^^^):
  
Started GET "/" for ::1 at 2023-06-21 22:45:35 +0700
  
ActionController::RoutingError (uninitialized constant SupportsController

      Object.const_get(camel_cased_word)
            ^^^^^^^^^^

            raise MissingController.new(error.message, error.name)
            ^^^^^):
  
Started GET "/" for ::1 at 2023-06-21 22:45:36 +0700
  
ActionController::RoutingError (uninitialized constant SupportsController

      Object.const_get(camel_cased_word)
            ^^^^^^^^^^

            raise MissingController.new(error.message, error.name)
            ^^^^^):
  
Started GET "/" for ::1 at 2023-06-21 22:46:59 +0700
  
ActionController::RoutingError (uninitialized constant SupportsController

      Object.const_get(camel_cased_word)
            ^^^^^^^^^^

            raise MissingController.new(error.message, error.name)
            ^^^^^):
  
Started GET "/" for ::1 at 2023-06-21 22:47:07 +0700
Processing by SupportsController#home as HTML
Completed 200 OK in 18ms (Views: 0.4ms | ActiveRecord: 0.0ms | Allocations: 2765)


Started GET "/api-docs" for ::1 at 2023-06-21 22:47:23 +0700
Started GET "/api-docs/index.html" for ::1 at 2023-06-21 22:47:23 +0700
Started GET "/api-docs/swagger-ui.css" for ::1 at 2023-06-21 22:47:23 +0700
Started GET "/api-docs/swagger-ui-bundle.js" for ::1 at 2023-06-21 22:47:23 +0700
Started GET "/api-docs/swagger-ui-standalone-preset.js" for ::1 at 2023-06-21 22:47:23 +0700
Started GET "/api-docs/favicon-32x32.png" for ::1 at 2023-06-21 22:47:24 +0700
Started GET "/api-docs/swagger-ui-standalone-preset.js" for ::1 at 2023-06-21 22:47:26 +0700
Started GET "/api-docs/swagger-ui-bundle.js" for ::1 at 2023-06-21 22:47:26 +0700
  [1m[35m (34.7ms)[0m  [1m[35mCREATE TABLE "schema_migrations" ("version" character varying NOT NULL PRIMARY KEY)[0m
  [1m[35m (11.9ms)[0m  [1m[35mCREATE TABLE "ar_internal_metadata" ("key" character varying NOT NULL PRIMARY KEY, "value" character varying, "created_at" timestamp(6) NOT NULL, "updated_at" timestamp(6) NOT NULL)[0m
  [1m[35m (0.8ms)[0m  [1m[34mSELECT pg_try_advisory_lock(8567812407348159525)[0m
  [1m[36mActiveRecord::SchemaMigration Pluck (0.7ms)[0m  [1m[34mSELECT "schema_migrations"."version" FROM "schema_migrations" ORDER BY "schema_migrations"."version" ASC[0m
Migrating to EnableUuid (20230621162338)
  [1m[36mTRANSACTION (0.2ms)[0m  [1m[35mBEGIN[0m
  [1m[35mSQL (19.2ms)[0m  [1m[35mCREATE EXTENSION IF NOT EXISTS "pgcrypto"[0m
  [1m[36mActiveRecord::SchemaMigration Create (1.0ms)[0m  [1m[32mINSERT INTO "schema_migrations" ("version") VALUES ($1) RETURNING "version"[0m  [["version", "20230621162338"]]
  [1m[36mTRANSACTION (1.8ms)[0m  [1m[35mCOMMIT[0m
Migrating to CreateEmployee (20230621162611)
  [1m[36mTRANSACTION (0.2ms)[0m  [1m[35mBEGIN[0m
  [1m[35m (11.7ms)[0m  [1m[35mCREATE TABLE "employees" ("id" bigserial primary key, "user_name" character varying, "first_name" character varying, "last_name" character varying, "dob" date, "gender" character varying, "address" text, "join_date" date, "status" smallint, "email" character varying DEFAULT '' NOT NULL, "password_digest" character varying DEFAULT '' NOT NULL, "google_uid" character varying, "apple_uid" character varying, "phone_code" character varying, "phone_number" character varying, "email_verified_at" timestamp(6), "email_verification_token" character varying, "email_verification_sent_at" timestamp(6), "reset_password_token" character varying, "reset_password_sent_at" timestamp(6), "created_at" timestamp(6) NOT NULL, "updated_at" timestamp(6) NOT NULL)[0m
  [1m[35m (10.6ms)[0m  [1m[35mCREATE INDEX "index_employees_on_google_uid" ON "employees" ("google_uid")[0m
  [1m[35m (3.6ms)[0m  [1m[35mCREATE INDEX "index_employees_on_apple_uid" ON "employees" ("apple_uid")[0m
  [1m[36mActiveRecord::SchemaMigration Create (0.4ms)[0m  [1m[32mINSERT INTO "schema_migrations" ("version") VALUES ($1) RETURNING "version"[0m  [["version", "20230621162611"]]
  [1m[36mTRANSACTION (1.4ms)[0m  [1m[35mCOMMIT[0m
Migrating to CreateActiveStorageTables (20230621165143)
  [1m[36mTRANSACTION (0.2ms)[0m  [1m[35mBEGIN[0m
  [1m[35m (8.0ms)[0m  [1m[35mCREATE TABLE "active_storage_blobs" ("id" bigserial primary key, "key" character varying NOT NULL, "filename" character varying NOT NULL, "content_type" character varying, "metadata" text, "service_name" character varying NOT NULL, "byte_size" bigint NOT NULL, "checksum" character varying, "created_at" timestamp(6) NOT NULL)[0m
  [1m[35m (5.2ms)[0m  [1m[35mCREATE UNIQUE INDEX "index_active_storage_blobs_on_key" ON "active_storage_blobs" ("key")[0m
  [1m[35m (15.7ms)[0m  [1m[35mCREATE TABLE "active_storage_attachments" ("id" bigserial primary key, "name" character varying NOT NULL, "record_type" character varying NOT NULL, "record_id" bigint NOT NULL, "blob_id" bigint NOT NULL, "created_at" timestamp(6) NOT NULL, CONSTRAINT "fk_rails_c3b3935057"
FOREIGN KEY ("blob_id")
  REFERENCES "active_storage_blobs" ("id")
)[0m
  [1m[35m (4.5ms)[0m  [1m[35mCREATE INDEX "index_active_storage_attachments_on_blob_id" ON "active_storage_attachments" ("blob_id")[0m
  [1m[35m (3.5ms)[0m  [1m[35mCREATE UNIQUE INDEX "index_active_storage_attachments_uniqueness" ON "active_storage_attachments" ("record_type", "record_id", "name", "blob_id")[0m
  [1m[35m (15.2ms)[0m  [1m[35mCREATE TABLE "active_storage_variant_records" ("id" bigserial primary key, "blob_id" bigint NOT NULL, "variation_digest" character varying NOT NULL, CONSTRAINT "fk_rails_993965df05"
FOREIGN KEY ("blob_id")
  REFERENCES "active_storage_blobs" ("id")
)[0m
  [1m[35m (4.5ms)[0m  [1m[35mCREATE UNIQUE INDEX "index_active_storage_variant_records_uniqueness" ON "active_storage_variant_records" ("blob_id", "variation_digest")[0m
  [1m[36mActiveRecord::SchemaMigration Create (0.3ms)[0m  [1m[32mINSERT INTO "schema_migrations" ("version") VALUES ($1) RETURNING "version"[0m  [["version", "20230621165143"]]
  [1m[36mTRANSACTION (1.7ms)[0m  [1m[35mCOMMIT[0m
  [1m[36mActiveRecord::InternalMetadata Load (0.5ms)[0m  [1m[34mSELECT "ar_internal_metadata".* FROM "ar_internal_metadata" WHERE "ar_internal_metadata"."key" = $1 LIMIT $2[0m  [["key", "environment"], ["LIMIT", 1]]
  [1m[36mTRANSACTION (0.2ms)[0m  [1m[35mBEGIN[0m
  [1m[36mActiveRecord::InternalMetadata Create (1.0ms)[0m  [1m[32mINSERT INTO "ar_internal_metadata" ("key", "value", "created_at", "updated_at") VALUES ($1, $2, $3, $4) RETURNING "key"[0m  [["key", "environment"], ["value", "development"], ["created_at", "2023-06-21 16:53:39.257432"], ["updated_at", "2023-06-21 16:53:39.257432"]]
  [1m[36mTRANSACTION (1.5ms)[0m  [1m[35mCOMMIT[0m
  [1m[35m (0.4ms)[0m  [1m[34mSELECT pg_advisory_unlock(8567812407348159525)[0m
  [1m[36mActiveRecord::SchemaMigration Pluck (0.6ms)[0m  [1m[34mSELECT "schema_migrations"."version" FROM "schema_migrations" ORDER BY "schema_migrations"."version" ASC[0m
  [1m[35m (0.2ms)[0m  [1m[34mSELECT pg_try_advisory_lock(8567812407348159525)[0m
  [1m[36mActiveRecord::SchemaMigration Pluck (0.5ms)[0m  [1m[34mSELECT "schema_migrations"."version" FROM "schema_migrations" ORDER BY "schema_migrations"."version" ASC[0m
Migrating to RolifyCreateRoles (20230621165506)
  [1m[36mTRANSACTION (0.2ms)[0m  [1m[35mBEGIN[0m
  [1m[35m (15.0ms)[0m  [1m[35mCREATE TABLE "roles" ("id" bigserial primary key, "name" character varying, "resource_type" character varying, "resource_id" bigint, "created_at" timestamp(6) NOT NULL, "updated_at" timestamp(6) NOT NULL)[0m
  [1m[35m (3.3ms)[0m  [1m[35mCREATE INDEX "index_roles_on_resource" ON "roles" ("resource_type", "resource_id")[0m
  [1m[35m (1.1ms)[0m  [1m[35mCREATE TABLE "employees_roles" ("employee_id" bigint, "role_id" bigint)[0m
  [1m[35m (4.3ms)[0m  [1m[35mCREATE INDEX "index_employees_roles_on_employee_id" ON "employees_roles" ("employee_id")[0m
  [1m[35m (6.2ms)[0m  [1m[35mCREATE INDEX "index_employees_roles_on_role_id" ON "employees_roles" ("role_id")[0m
  [1m[35m (3.8ms)[0m  [1m[35mCREATE INDEX "index_roles_on_name_and_resource_type_and_resource_id" ON "roles" ("name", "resource_type", "resource_id")[0m
  [1m[35m (5.0ms)[0m  [1m[35mCREATE INDEX "index_employees_roles_on_employee_id_and_role_id" ON "employees_roles" ("employee_id", "role_id")[0m
  [1m[36mActiveRecord::SchemaMigration Create (0.7ms)[0m  [1m[32mINSERT INTO "schema_migrations" ("version") VALUES ($1) RETURNING "version"[0m  [["version", "20230621165506"]]
  [1m[36mTRANSACTION (3.3ms)[0m  [1m[35mCOMMIT[0m
  [1m[36mActiveRecord::InternalMetadata Load (4.6ms)[0m  [1m[34mSELECT "ar_internal_metadata".* FROM "ar_internal_metadata" WHERE "ar_internal_metadata"."key" = $1 LIMIT $2[0m  [["key", "environment"], ["LIMIT", 1]]
  [1m[35m (0.4ms)[0m  [1m[34mSELECT pg_advisory_unlock(8567812407348159525)[0m
  [1m[36mActiveRecord::SchemaMigration Pluck (0.5ms)[0m  [1m[34mSELECT "schema_migrations"."version" FROM "schema_migrations" ORDER BY "schema_migrations"."version" ASC[0m
  [1m[35m (0.8ms)[0m  [1m[35mCREATE DATABASE "zane_office_development" ENCODING = 'unicode'[0m
  [1m[35m (0.4ms)[0m  [1m[35mCREATE DATABASE "zane_office_test" ENCODING = 'unicode'[0m
  [1m[36mActiveRecord::SchemaMigration Pluck (0.8ms)[0m  [1m[34mSELECT "schema_migrations"."version" FROM "schema_migrations" ORDER BY "schema_migrations"."version" ASC[0m
  [1m[36mActiveRecord::InternalMetadata Pluck (0.4ms)[0m  [1m[34mSELECT "ar_internal_metadata"."value" FROM "ar_internal_metadata" WHERE "ar_internal_metadata"."key" = $1 LIMIT $2[0m  [["key", "environment"], ["LIMIT", 1]]
  [1m[36mActiveRecord::SchemaMigration Pluck (0.3ms)[0m  [1m[34mSELECT "schema_migrations"."version" FROM "schema_migrations" ORDER BY "schema_migrations"."version" ASC[0m
  [1m[36mActiveRecord::InternalMetadata Pluck (0.2ms)[0m  [1m[34mSELECT "ar_internal_metadata"."value" FROM "ar_internal_metadata" WHERE "ar_internal_metadata"."key" = $1 LIMIT $2[0m  [["key", "environment"], ["LIMIT", 1]]
  [1m[36mActiveRecord::SchemaMigration Pluck (0.2ms)[0m  [1m[34mSELECT "schema_migrations"."version" FROM "schema_migrations" ORDER BY "schema_migrations"."version" ASC[0m
  [1m[36mActiveRecord::InternalMetadata Pluck (0.2ms)[0m  [1m[34mSELECT "ar_internal_metadata"."value" FROM "ar_internal_metadata" WHERE "ar_internal_metadata"."key" = $1 LIMIT $2[0m  [["key", "environment"], ["LIMIT", 1]]
  [1m[35mSQL (0.2ms)[0m  [1m[35mCREATE EXTENSION IF NOT EXISTS "pgcrypto"[0m
  [1m[35mSQL (0.2ms)[0m  [1m[35mCREATE EXTENSION IF NOT EXISTS "plpgsql"[0m
  [1m[35m (14.2ms)[0m  [1m[35mDROP TABLE IF EXISTS "active_storage_attachments" CASCADE[0m
  [1m[35m (9.1ms)[0m  [1m[35mCREATE TABLE "active_storage_attachments" ("id" bigserial primary key, "name" character varying NOT NULL, "record_type" character varying NOT NULL, "record_id" bigint NOT NULL, "blob_id" bigint NOT NULL, "created_at" timestamp(6) NOT NULL)[0m
  [1m[35m (5.5ms)[0m  [1m[35mCREATE INDEX "index_active_storage_attachments_on_blob_id" ON "active_storage_attachments" ("blob_id")[0m
  [1m[35m (7.7ms)[0m  [1m[35mCREATE UNIQUE INDEX "index_active_storage_attachments_uniqueness" ON "active_storage_attachments" ("record_type", "record_id", "name", "blob_id")[0m
  [1m[35m (2.5ms)[0m  [1m[35mDROP TABLE IF EXISTS "active_storage_blobs" CASCADE[0m
  [1m[35m (8.6ms)[0m  [1m[35mCREATE TABLE "active_storage_blobs" ("id" bigserial primary key, "key" character varying NOT NULL, "filename" character varying NOT NULL, "content_type" character varying, "metadata" text, "service_name" character varying NOT NULL, "byte_size" bigint NOT NULL, "checksum" character varying, "created_at" timestamp(6) NOT NULL)[0m
  [1m[35m (4.1ms)[0m  [1m[35mCREATE UNIQUE INDEX "index_active_storage_blobs_on_key" ON "active_storage_blobs" ("key")[0m
  [1m[35m (4.9ms)[0m  [1m[35mDROP TABLE IF EXISTS "active_storage_variant_records" CASCADE[0m
  [1m[35m (14.4ms)[0m  [1m[35mCREATE TABLE "active_storage_variant_records" ("id" bigserial primary key, "blob_id" bigint NOT NULL, "variation_digest" character varying NOT NULL)[0m
  [1m[35m (4.3ms)[0m  [1m[35mCREATE UNIQUE INDEX "index_active_storage_variant_records_uniqueness" ON "active_storage_variant_records" ("blob_id", "variation_digest")[0m
  [1m[35m (3.0ms)[0m  [1m[35mDROP TABLE IF EXISTS "employees" CASCADE[0m
  [1m[35m (8.9ms)[0m  [1m[35mCREATE TABLE "employees" ("id" bigserial primary key, "user_name" character varying, "first_name" character varying, "last_name" character varying, "dob" date, "gender" character varying, "address" text, "join_date" date, "status" smallint, "email" character varying DEFAULT '' NOT NULL, "password_digest" character varying DEFAULT '' NOT NULL, "google_uid" character varying, "apple_uid" character varying, "phone_code" character varying, "phone_number" character varying, "email_verified_at" timestamp(6), "email_verification_token" character varying, "email_verification_sent_at" timestamp(6), "reset_password_token" character varying, "reset_password_sent_at" timestamp(6), "created_at" timestamp(6) NOT NULL, "updated_at" timestamp(6) NOT NULL)[0m
  [1m[35m (5.9ms)[0m  [1m[35mCREATE INDEX "index_employees_on_apple_uid" ON "employees" ("apple_uid")[0m
  [1m[35m (6.5ms)[0m  [1m[35mCREATE INDEX "index_employees_on_google_uid" ON "employees" ("google_uid")[0m
  [1m[35m (2.2ms)[0m  [1m[35mDROP TABLE IF EXISTS "employees_roles" CASCADE[0m
  [1m[35m (1.8ms)[0m  [1m[35mCREATE TABLE "employees_roles" ("employee_id" bigint, "role_id" bigint)[0m
  [1m[35m (4.2ms)[0m  [1m[35mCREATE INDEX "index_employees_roles_on_employee_id_and_role_id" ON "employees_roles" ("employee_id", "role_id")[0m
  [1m[35m (5.2ms)[0m  [1m[35mCREATE INDEX "index_employees_roles_on_employee_id" ON "employees_roles" ("employee_id")[0m
  [1m[35m (9.0ms)[0m  [1m[35mCREATE INDEX "index_employees_roles_on_role_id" ON "employees_roles" ("role_id")[0m
  [1m[35m (2.9ms)[0m  [1m[35mDROP TABLE IF EXISTS "roles" CASCADE[0m
  [1m[35m (8.3ms)[0m  [1m[35mCREATE TABLE "roles" ("id" bigserial primary key, "name" character varying, "resource_type" character varying, "resource_id" bigint, "created_at" timestamp(6) NOT NULL, "updated_at" timestamp(6) NOT NULL)[0m
  [1m[35m (4.2ms)[0m  [1m[35mCREATE INDEX "index_roles_on_name_and_resource_type_and_resource_id" ON "roles" ("name", "resource_type", "resource_id")[0m
  [1m[35m (4.2ms)[0m  [1m[35mCREATE INDEX "index_roles_on_resource" ON "roles" ("resource_type", "resource_id")[0m
  [1m[35m (6.0ms)[0m  [1m[35mALTER TABLE "active_storage_attachments" ADD CONSTRAINT "fk_rails_c3b3935057"
FOREIGN KEY ("blob_id")
  REFERENCES "active_storage_blobs" ("id")
[0m
  [1m[35m (3.6ms)[0m  [1m[35mALTER TABLE "active_storage_variant_records" ADD CONSTRAINT "fk_rails_993965df05"
FOREIGN KEY ("blob_id")
  REFERENCES "active_storage_blobs" ("id")
[0m
  [1m[36mActiveRecord::SchemaMigration Pluck (0.4ms)[0m  [1m[34mSELECT "schema_migrations"."version" FROM "schema_migrations" ORDER BY "schema_migrations"."version" ASC[0m
  [1m[36mActiveRecord::InternalMetadata Load (0.4ms)[0m  [1m[34mSELECT "ar_internal_metadata".* FROM "ar_internal_metadata" WHERE "ar_internal_metadata"."key" = $1 LIMIT $2[0m  [["key", "environment"], ["LIMIT", 1]]
  [1m[36mActiveRecord::InternalMetadata Load (0.2ms)[0m  [1m[34mSELECT "ar_internal_metadata".* FROM "ar_internal_metadata" WHERE "ar_internal_metadata"."key" = $1 LIMIT $2[0m  [["key", "environment"], ["LIMIT", 1]]
  [1m[36mActiveRecord::InternalMetadata Load (0.3ms)[0m  [1m[34mSELECT "ar_internal_metadata".* FROM "ar_internal_metadata" WHERE "ar_internal_metadata"."key" = $1 LIMIT $2[0m  [["key", "schema_sha1"], ["LIMIT", 1]]
  [1m[36mTRANSACTION (0.2ms)[0m  [1m[35mBEGIN[0m
  [1m[36mActiveRecord::InternalMetadata Create (0.4ms)[0m  [1m[32mINSERT INTO "ar_internal_metadata" ("key", "value", "created_at", "updated_at") VALUES ($1, $2, $3, $4) RETURNING "key"[0m  [["key", "schema_sha1"], ["value", "0981c84b76778c81fa76859c1fd753b53558e1ea"], ["created_at", "2023-06-21 16:56:22.008135"], ["updated_at", "2023-06-21 16:56:22.008135"]]
  [1m[36mTRANSACTION (3.7ms)[0m  [1m[35mCOMMIT[0m
  [1m[35mSQL (22.1ms)[0m  [1m[35mCREATE EXTENSION IF NOT EXISTS "pgcrypto"[0m
  [1m[35mSQL (0.2ms)[0m  [1m[35mCREATE EXTENSION IF NOT EXISTS "plpgsql"[0m
  [1m[35m (1.8ms)[0m  [1m[35mDROP TABLE IF EXISTS "active_storage_attachments" CASCADE[0m
  [1m[35m (23.0ms)[0m  [1m[35mCREATE TABLE "active_storage_attachments" ("id" bigserial primary key, "name" character varying NOT NULL, "record_type" character varying NOT NULL, "record_id" bigint NOT NULL, "blob_id" bigint NOT NULL, "created_at" timestamp(6) NOT NULL)[0m
  [1m[35m (4.4ms)[0m  [1m[35mCREATE INDEX "index_active_storage_attachments_on_blob_id" ON "active_storage_attachments" ("blob_id")[0m
  [1m[35m (4.4ms)[0m  [1m[35mCREATE UNIQUE INDEX "index_active_storage_attachments_uniqueness" ON "active_storage_attachments" ("record_type", "record_id", "name", "blob_id")[0m
  [1m[35m (0.2ms)[0m  [1m[35mDROP TABLE IF EXISTS "active_storage_blobs" CASCADE[0m
  [1m[35m (12.0ms)[0m  [1m[35mCREATE TABLE "active_storage_blobs" ("id" bigserial primary key, "key" character varying NOT NULL, "filename" character varying NOT NULL, "content_type" character varying, "metadata" text, "service_name" character varying NOT NULL, "byte_size" bigint NOT NULL, "checksum" character varying, "created_at" timestamp(6) NOT NULL)[0m
  [1m[35m (5.7ms)[0m  [1m[35mCREATE UNIQUE INDEX "index_active_storage_blobs_on_key" ON "active_storage_blobs" ("key")[0m
  [1m[35m (0.2ms)[0m  [1m[35mDROP TABLE IF EXISTS "active_storage_variant_records" CASCADE[0m
  [1m[35m (11.0ms)[0m  [1m[35mCREATE TABLE "active_storage_variant_records" ("id" bigserial primary key, "blob_id" bigint NOT NULL, "variation_digest" character varying NOT NULL)[0m
  [1m[35m (4.7ms)[0m  [1m[35mCREATE UNIQUE INDEX "index_active_storage_variant_records_uniqueness" ON "active_storage_variant_records" ("blob_id", "variation_digest")[0m
  [1m[35m (0.2ms)[0m  [1m[35mDROP TABLE IF EXISTS "employees" CASCADE[0m
  [1m[35m (14.8ms)[0m  [1m[35mCREATE TABLE "employees" ("id" bigserial primary key, "user_name" character varying, "first_name" character varying, "last_name" character varying, "dob" date, "gender" character varying, "address" text, "join_date" date, "status" smallint, "email" character varying DEFAULT '' NOT NULL, "password_digest" character varying DEFAULT '' NOT NULL, "google_uid" character varying, "apple_uid" character varying, "phone_code" character varying, "phone_number" character varying, "email_verified_at" timestamp(6), "email_verification_token" character varying, "email_verification_sent_at" timestamp(6), "reset_password_token" character varying, "reset_password_sent_at" timestamp(6), "created_at" timestamp(6) NOT NULL, "updated_at" timestamp(6) NOT NULL)[0m
  [1m[35m (4.6ms)[0m  [1m[35mCREATE INDEX "index_employees_on_apple_uid" ON "employees" ("apple_uid")[0m
  [1m[35m (4.4ms)[0m  [1m[35mCREATE INDEX "index_employees_on_google_uid" ON "employees" ("google_uid")[0m
  [1m[35m (0.2ms)[0m  [1m[35mDROP TABLE IF EXISTS "employees_roles" CASCADE[0m
  [1m[35m (1.8ms)[0m  [1m[35mCREATE TABLE "employees_roles" ("employee_id" bigint, "role_id" bigint)[0m
  [1m[35m (4.5ms)[0m  [1m[35mCREATE INDEX "index_employees_roles_on_employee_id_and_role_id" ON "employees_roles" ("employee_id", "role_id")[0m
  [1m[35m (6.4ms)[0m  [1m[35mCREATE INDEX "index_employees_roles_on_employee_id" ON "employees_roles" ("employee_id")[0m
  [1m[35m (5.8ms)[0m  [1m[35mCREATE INDEX "index_employees_roles_on_role_id" ON "employees_roles" ("role_id")[0m
  [1m[35m (0.2ms)[0m  [1m[35mDROP TABLE IF EXISTS "roles" CASCADE[0m
  [1m[35m (11.2ms)[0m  [1m[35mCREATE TABLE "roles" ("id" bigserial primary key, "name" character varying, "resource_type" character varying, "resource_id" bigint, "created_at" timestamp(6) NOT NULL, "updated_at" timestamp(6) NOT NULL)[0m
  [1m[35m (4.4ms)[0m  [1m[35mCREATE INDEX "index_roles_on_name_and_resource_type_and_resource_id" ON "roles" ("name", "resource_type", "resource_id")[0m
  [1m[35m (4.8ms)[0m  [1m[35mCREATE INDEX "index_roles_on_resource" ON "roles" ("resource_type", "resource_id")[0m
  [1m[35m (5.2ms)[0m  [1m[35mALTER TABLE "active_storage_attachments" ADD CONSTRAINT "fk_rails_c3b3935057"
FOREIGN KEY ("blob_id")
  REFERENCES "active_storage_blobs" ("id")
[0m
  [1m[35m (2.5ms)[0m  [1m[35mALTER TABLE "active_storage_variant_records" ADD CONSTRAINT "fk_rails_993965df05"
FOREIGN KEY ("blob_id")
  REFERENCES "active_storage_blobs" ("id")
[0m
  [1m[35m (8.3ms)[0m  [1m[35mCREATE TABLE "schema_migrations" ("version" character varying NOT NULL PRIMARY KEY)[0m
  [1m[36mActiveRecord::SchemaMigration Pluck (0.4ms)[0m  [1m[34mSELECT "schema_migrations"."version" FROM "schema_migrations" ORDER BY "schema_migrations"."version" ASC[0m
  [1m[35m (1.5ms)[0m  [1m[32mINSERT INTO "schema_migrations" (version) VALUES (20230621165506)[0m
  [1m[35m (1.4ms)[0m  [1m[32mINSERT INTO "schema_migrations" (version) VALUES
(20230621162338),
(20230621162611),
(20230621165143);

[0m
  [1m[35m (15.9ms)[0m  [1m[35mCREATE TABLE "ar_internal_metadata" ("key" character varying NOT NULL PRIMARY KEY, "value" character varying, "created_at" timestamp(6) NOT NULL, "updated_at" timestamp(6) NOT NULL)[0m
  [1m[36mActiveRecord::InternalMetadata Load (0.3ms)[0m  [1m[34mSELECT "ar_internal_metadata".* FROM "ar_internal_metadata" WHERE "ar_internal_metadata"."key" = $1 LIMIT $2[0m  [["key", "environment"], ["LIMIT", 1]]
  [1m[36mTRANSACTION (0.1ms)[0m  [1m[35mBEGIN[0m
  [1m[36mActiveRecord::InternalMetadata Create (0.3ms)[0m  [1m[32mINSERT INTO "ar_internal_metadata" ("key", "value", "created_at", "updated_at") VALUES ($1, $2, $3, $4) RETURNING "key"[0m  [["key", "environment"], ["value", "development"], ["created_at", "2023-06-21 16:56:22.293895"], ["updated_at", "2023-06-21 16:56:22.293895"]]
  [1m[36mTRANSACTION (1.4ms)[0m  [1m[35mCOMMIT[0m
  [1m[36mActiveRecord::InternalMetadata Load (0.2ms)[0m  [1m[34mSELECT "ar_internal_metadata".* FROM "ar_internal_metadata" WHERE "ar_internal_metadata"."key" = $1 LIMIT $2[0m  [["key", "environment"], ["LIMIT", 1]]
  [1m[36mTRANSACTION (0.1ms)[0m  [1m[35mBEGIN[0m
  [1m[36mActiveRecord::InternalMetadata Update (0.5ms)[0m  [1m[33mUPDATE "ar_internal_metadata" SET "value" = $1, "updated_at" = $2 WHERE "ar_internal_metadata"."key" = $3[0m  [["value", "test"], ["updated_at", "2023-06-21 16:56:22.299832"], ["key", "environment"]]
  [1m[36mTRANSACTION (1.3ms)[0m  [1m[35mCOMMIT[0m
  [1m[36mActiveRecord::InternalMetadata Load (0.3ms)[0m  [1m[34mSELECT "ar_internal_metadata".* FROM "ar_internal_metadata" WHERE "ar_internal_metadata"."key" = $1 LIMIT $2[0m  [["key", "schema_sha1"], ["LIMIT", 1]]
  [1m[36mTRANSACTION (0.1ms)[0m  [1m[35mBEGIN[0m
  [1m[36mActiveRecord::InternalMetadata Create (0.3ms)[0m  [1m[32mINSERT INTO "ar_internal_metadata" ("key", "value", "created_at", "updated_at") VALUES ($1, $2, $3, $4) RETURNING "key"[0m  [["key", "schema_sha1"], ["value", "0981c84b76778c81fa76859c1fd753b53558e1ea"], ["created_at", "2023-06-21 16:56:22.305491"], ["updated_at", "2023-06-21 16:56:22.305491"]]
  [1m[36mTRANSACTION (1.4ms)[0m  [1m[35mCOMMIT[0m
  [1m[36mActiveRecord::SchemaMigration Pluck (0.5ms)[0m  [1m[34mSELECT "schema_migrations"."version" FROM "schema_migrations" ORDER BY "schema_migrations"."version" ASC[0m
  [1m[36mActiveRecord::SchemaMigration Pluck (0.5ms)[0m  [1m[34mSELECT "schema_migrations"."version" FROM "schema_migrations" ORDER BY "schema_migrations"."version" ASC[0m
  [1m[36mActiveRecord::InternalMetadata Pluck (0.3ms)[0m  [1m[34mSELECT "ar_internal_metadata"."value" FROM "ar_internal_metadata" WHERE "ar_internal_metadata"."key" = $1 LIMIT $2[0m  [["key", "environment"], ["LIMIT", 1]]
  [1m[36mActiveRecord::SchemaMigration Pluck (0.3ms)[0m  [1m[34mSELECT "schema_migrations"."version" FROM "schema_migrations" ORDER BY "schema_migrations"."version" ASC[0m
  [1m[36mActiveRecord::InternalMetadata Pluck (0.2ms)[0m  [1m[34mSELECT "ar_internal_metadata"."value" FROM "ar_internal_metadata" WHERE "ar_internal_metadata"."key" = $1 LIMIT $2[0m  [["key", "environment"], ["LIMIT", 1]]
  [1m[36mActiveRecord::SchemaMigration Pluck (0.2ms)[0m  [1m[34mSELECT "schema_migrations"."version" FROM "schema_migrations" ORDER BY "schema_migrations"."version" ASC[0m
  [1m[36mActiveRecord::InternalMetadata Pluck (0.2ms)[0m  [1m[34mSELECT "ar_internal_metadata"."value" FROM "ar_internal_metadata" WHERE "ar_internal_metadata"."key" = $1 LIMIT $2[0m  [["key", "environment"], ["LIMIT", 1]]
  [1m[35m (92.0ms)[0m  [1m[35mDROP DATABASE IF EXISTS "zane_office_development"[0m
  [1m[35m (46.1ms)[0m  [1m[35mDROP DATABASE IF EXISTS "zane_office_test"[0m
  [1m[35m (320.0ms)[0m  [1m[35mCREATE DATABASE "zane_office_development" ENCODING = 'unicode'[0m
  [1m[35m (219.2ms)[0m  [1m[35mCREATE DATABASE "zane_office_test" ENCODING = 'unicode'[0m
  [1m[35mSQL (15.4ms)[0m  [1m[35mCREATE EXTENSION IF NOT EXISTS "pgcrypto"[0m
  [1m[35mSQL (0.2ms)[0m  [1m[35mCREATE EXTENSION IF NOT EXISTS "plpgsql"[0m
  [1m[35m (0.2ms)[0m  [1m[35mDROP TABLE IF EXISTS "active_storage_attachments" CASCADE[0m
  [1m[35m (16.9ms)[0m  [1m[35mCREATE TABLE "active_storage_attachments" ("id" bigserial primary key, "name" character varying NOT NULL, "record_type" character varying NOT NULL, "record_id" bigint NOT NULL, "blob_id" bigint NOT NULL, "created_at" timestamp(6) NOT NULL)[0m
  [1m[35m (4.4ms)[0m  [1m[35mCREATE INDEX "index_active_storage_attachments_on_blob_id" ON "active_storage_attachments" ("blob_id")[0m
  [1m[35m (4.5ms)[0m  [1m[35mCREATE UNIQUE INDEX "index_active_storage_attachments_uniqueness" ON "active_storage_attachments" ("record_type", "record_id", "name", "blob_id")[0m
  [1m[35m (0.2ms)[0m  [1m[35mDROP TABLE IF EXISTS "active_storage_blobs" CASCADE[0m
  [1m[35m (9.8ms)[0m  [1m[35mCREATE TABLE "active_storage_blobs" ("id" bigserial primary key, "key" character varying NOT NULL, "filename" character varying NOT NULL, "content_type" character varying, "metadata" text, "service_name" character varying NOT NULL, "byte_size" bigint NOT NULL, "checksum" character varying, "created_at" timestamp(6) NOT NULL)[0m
  [1m[35m (5.7ms)[0m  [1m[35mCREATE UNIQUE INDEX "index_active_storage_blobs_on_key" ON "active_storage_blobs" ("key")[0m
  [1m[35m (0.3ms)[0m  [1m[35mDROP TABLE IF EXISTS "active_storage_variant_records" CASCADE[0m
  [1m[35m (10.6ms)[0m  [1m[35mCREATE TABLE "active_storage_variant_records" ("id" bigserial primary key, "blob_id" bigint NOT NULL, "variation_digest" character varying NOT NULL)[0m
  [1m[35m (4.3ms)[0m  [1m[35mCREATE UNIQUE INDEX "index_active_storage_variant_records_uniqueness" ON "active_storage_variant_records" ("blob_id", "variation_digest")[0m
  [1m[35m (0.2ms)[0m  [1m[35mDROP TABLE IF EXISTS "employees" CASCADE[0m
  [1m[35m (18.2ms)[0m  [1m[35mCREATE TABLE "employees" ("id" bigserial primary key, "user_name" character varying, "first_name" character varying, "last_name" character varying, "dob" date, "gender" character varying, "address" text, "join_date" date, "status" smallint, "email" character varying DEFAULT '' NOT NULL, "password_digest" character varying DEFAULT '' NOT NULL, "google_uid" character varying, "apple_uid" character varying, "phone_code" character varying, "phone_number" character varying, "email_verified_at" timestamp(6), "email_verification_token" character varying, "email_verification_sent_at" timestamp(6), "reset_password_token" character varying, "reset_password_sent_at" timestamp(6), "created_at" timestamp(6) NOT NULL, "updated_at" timestamp(6) NOT NULL)[0m
  [1m[35m (4.3ms)[0m  [1m[35mCREATE INDEX "index_employees_on_apple_uid" ON "employees" ("apple_uid")[0m
  [1m[35m (4.1ms)[0m  [1m[35mCREATE INDEX "index_employees_on_google_uid" ON "employees" ("google_uid")[0m
  [1m[35m (0.2ms)[0m  [1m[35mDROP TABLE IF EXISTS "employees_roles" CASCADE[0m
  [1m[35m (1.8ms)[0m  [1m[35mCREATE TABLE "employees_roles" ("employee_id" bigint, "role_id" bigint)[0m
  [1m[35m (4.1ms)[0m  [1m[35mCREATE INDEX "index_employees_roles_on_employee_id_and_role_id" ON "employees_roles" ("employee_id", "role_id")[0m
  [1m[35m (5.6ms)[0m  [1m[35mCREATE INDEX "index_employees_roles_on_employee_id" ON "employees_roles" ("employee_id")[0m
  [1m[35m (8.5ms)[0m  [1m[35mCREATE INDEX "index_employees_roles_on_role_id" ON "employees_roles" ("role_id")[0m
  [1m[35m (0.2ms)[0m  [1m[35mDROP TABLE IF EXISTS "roles" CASCADE[0m
  [1m[35m (8.0ms)[0m  [1m[35mCREATE TABLE "roles" ("id" bigserial primary key, "name" character varying, "resource_type" character varying, "resource_id" bigint, "created_at" timestamp(6) NOT NULL, "updated_at" timestamp(6) NOT NULL)[0m
  [1m[35m (4.1ms)[0m  [1m[35mCREATE INDEX "index_roles_on_name_and_resource_type_and_resource_id" ON "roles" ("name", "resource_type", "resource_id")[0m
  [1m[35m (4.2ms)[0m  [1m[35mCREATE INDEX "index_roles_on_resource" ON "roles" ("resource_type", "resource_id")[0m
  [1m[35m (2.9ms)[0m  [1m[35mALTER TABLE "active_storage_attachments" ADD CONSTRAINT "fk_rails_c3b3935057"
FOREIGN KEY ("blob_id")
  REFERENCES "active_storage_blobs" ("id")
[0m
  [1m[35m (4.5ms)[0m  [1m[35mALTER TABLE "active_storage_variant_records" ADD CONSTRAINT "fk_rails_993965df05"
FOREIGN KEY ("blob_id")
  REFERENCES "active_storage_blobs" ("id")
[0m
  [1m[35m (9.8ms)[0m  [1m[35mCREATE TABLE "schema_migrations" ("version" character varying NOT NULL PRIMARY KEY)[0m
  [1m[36mActiveRecord::SchemaMigration Pluck (0.3ms)[0m  [1m[34mSELECT "schema_migrations"."version" FROM "schema_migrations" ORDER BY "schema_migrations"."version" ASC[0m
  [1m[35m (1.6ms)[0m  [1m[32mINSERT INTO "schema_migrations" (version) VALUES (20230621165506)[0m
  [1m[35m (1.3ms)[0m  [1m[32mINSERT INTO "schema_migrations" (version) VALUES
(20230621162338),
(20230621162611),
(20230621165143);

[0m
  [1m[35m (16.9ms)[0m  [1m[35mCREATE TABLE "ar_internal_metadata" ("key" character varying NOT NULL PRIMARY KEY, "value" character varying, "created_at" timestamp(6) NOT NULL, "updated_at" timestamp(6) NOT NULL)[0m
  [1m[36mActiveRecord::InternalMetadata Load (1.2ms)[0m  [1m[34mSELECT "ar_internal_metadata".* FROM "ar_internal_metadata" WHERE "ar_internal_metadata"."key" = $1 LIMIT $2[0m  [["key", "environment"], ["LIMIT", 1]]
  [1m[36mTRANSACTION (0.2ms)[0m  [1m[35mBEGIN[0m
  [1m[36mActiveRecord::InternalMetadata Create (0.6ms)[0m  [1m[32mINSERT INTO "ar_internal_metadata" ("key", "value", "created_at", "updated_at") VALUES ($1, $2, $3, $4) RETURNING "key"[0m  [["key", "environment"], ["value", "development"], ["created_at", "2023-06-21 16:56:44.499406"], ["updated_at", "2023-06-21 16:56:44.499406"]]
  [1m[36mTRANSACTION (1.7ms)[0m  [1m[35mCOMMIT[0m
  [1m[36mActiveRecord::InternalMetadata Load (0.2ms)[0m  [1m[34mSELECT "ar_internal_metadata".* FROM "ar_internal_metadata" WHERE "ar_internal_metadata"."key" = $1 LIMIT $2[0m  [["key", "environment"], ["LIMIT", 1]]
  [1m[36mActiveRecord::InternalMetadata Load (1.2ms)[0m  [1m[34mSELECT "ar_internal_metadata".* FROM "ar_internal_metadata" WHERE "ar_internal_metadata"."key" = $1 LIMIT $2[0m  [["key", "schema_sha1"], ["LIMIT", 1]]
  [1m[36mTRANSACTION (0.3ms)[0m  [1m[35mBEGIN[0m
  [1m[36mActiveRecord::InternalMetadata Create (0.4ms)[0m  [1m[32mINSERT INTO "ar_internal_metadata" ("key", "value", "created_at", "updated_at") VALUES ($1, $2, $3, $4) RETURNING "key"[0m  [["key", "schema_sha1"], ["value", "0981c84b76778c81fa76859c1fd753b53558e1ea"], ["created_at", "2023-06-21 16:56:44.549480"], ["updated_at", "2023-06-21 16:56:44.549480"]]
  [1m[36mTRANSACTION (2.1ms)[0m  [1m[35mCOMMIT[0m
  [1m[35mSQL (7.2ms)[0m  [1m[35mCREATE EXTENSION IF NOT EXISTS "pgcrypto"[0m
  [1m[35mSQL (1.2ms)[0m  [1m[35mCREATE EXTENSION IF NOT EXISTS "plpgsql"[0m
  [1m[35m (0.3ms)[0m  [1m[35mDROP TABLE IF EXISTS "active_storage_attachments" CASCADE[0m
  [1m[35m (13.3ms)[0m  [1m[35mCREATE TABLE "active_storage_attachments" ("id" bigserial primary key, "name" character varying NOT NULL, "record_type" character varying NOT NULL, "record_id" bigint NOT NULL, "blob_id" bigint NOT NULL, "created_at" timestamp(6) NOT NULL)[0m
  [1m[35m (4.5ms)[0m  [1m[35mCREATE INDEX "index_active_storage_attachments_on_blob_id" ON "active_storage_attachments" ("blob_id")[0m
  [1m[35m (4.4ms)[0m  [1m[35mCREATE UNIQUE INDEX "index_active_storage_attachments_uniqueness" ON "active_storage_attachments" ("record_type", "record_id", "name", "blob_id")[0m
  [1m[35m (0.2ms)[0m  [1m[35mDROP TABLE IF EXISTS "active_storage_blobs" CASCADE[0m
  [1m[35m (16.5ms)[0m  [1m[35mCREATE TABLE "active_storage_blobs" ("id" bigserial primary key, "key" character varying NOT NULL, "filename" character varying NOT NULL, "content_type" character varying, "metadata" text, "service_name" character varying NOT NULL, "byte_size" bigint NOT NULL, "checksum" character varying, "created_at" timestamp(6) NOT NULL)[0m
  [1m[35m (4.7ms)[0m  [1m[35mCREATE UNIQUE INDEX "index_active_storage_blobs_on_key" ON "active_storage_blobs" ("key")[0m
  [1m[35m (0.2ms)[0m  [1m[35mDROP TABLE IF EXISTS "active_storage_variant_records" CASCADE[0m
  [1m[35m (8.0ms)[0m  [1m[35mCREATE TABLE "active_storage_variant_records" ("id" bigserial primary key, "blob_id" bigint NOT NULL, "variation_digest" character varying NOT NULL)[0m
  [1m[35m (6.7ms)[0m  [1m[35mCREATE UNIQUE INDEX "index_active_storage_variant_records_uniqueness" ON "active_storage_variant_records" ("blob_id", "variation_digest")[0m
  [1m[35m (0.3ms)[0m  [1m[35mDROP TABLE IF EXISTS "employees" CASCADE[0m
  [1m[35m (10.7ms)[0m  [1m[35mCREATE TABLE "employees" ("id" bigserial primary key, "user_name" character varying, "first_name" character varying, "last_name" character varying, "dob" date, "gender" character varying, "address" text, "join_date" date, "status" smallint, "email" character varying DEFAULT '' NOT NULL, "password_digest" character varying DEFAULT '' NOT NULL, "google_uid" character varying, "apple_uid" character varying, "phone_code" character varying, "phone_number" character varying, "email_verified_at" timestamp(6), "email_verification_token" character varying, "email_verification_sent_at" timestamp(6), "reset_password_token" character varying, "reset_password_sent_at" timestamp(6), "created_at" timestamp(6) NOT NULL, "updated_at" timestamp(6) NOT NULL)[0m
  [1m[35m (4.5ms)[0m  [1m[35mCREATE INDEX "index_employees_on_apple_uid" ON "employees" ("apple_uid")[0m
  [1m[35m (4.5ms)[0m  [1m[35mCREATE INDEX "index_employees_on_google_uid" ON "employees" ("google_uid")[0m
  [1m[35m (0.2ms)[0m  [1m[35mDROP TABLE IF EXISTS "employees_roles" CASCADE[0m
  [1m[35m (4.0ms)[0m  [1m[35mCREATE TABLE "employees_roles" ("employee_id" bigint, "role_id" bigint)[0m
  [1m[35m (6.1ms)[0m  [1m[35mCREATE INDEX "index_employees_roles_on_employee_id_and_role_id" ON "employees_roles" ("employee_id", "role_id")[0m
  [1m[35m (4.3ms)[0m  [1m[35mCREATE INDEX "index_employees_roles_on_employee_id" ON "employees_roles" ("employee_id")[0m
  [1m[35m (4.0ms)[0m  [1m[35mCREATE INDEX "index_employees_roles_on_role_id" ON "employees_roles" ("role_id")[0m
  [1m[35m (0.3ms)[0m  [1m[35mDROP TABLE IF EXISTS "roles" CASCADE[0m
  [1m[35m (9.2ms)[0m  [1m[35mCREATE TABLE "roles" ("id" bigserial primary key, "name" character varying, "resource_type" character varying, "resource_id" bigint, "created_at" timestamp(6) NOT NULL, "updated_at" timestamp(6) NOT NULL)[0m
  [1m[35m (5.3ms)[0m  [1m[35mCREATE INDEX "index_roles_on_name_and_resource_type_and_resource_id" ON "roles" ("name", "resource_type", "resource_id")[0m
  [1m[35m (9.0ms)[0m  [1m[35mCREATE INDEX "index_roles_on_resource" ON "roles" ("resource_type", "resource_id")[0m
  [1m[35m (2.6ms)[0m  [1m[35mALTER TABLE "active_storage_attachments" ADD CONSTRAINT "fk_rails_c3b3935057"
FOREIGN KEY ("blob_id")
  REFERENCES "active_storage_blobs" ("id")
[0m
  [1m[35m (2.0ms)[0m  [1m[35mALTER TABLE "active_storage_variant_records" ADD CONSTRAINT "fk_rails_993965df05"
FOREIGN KEY ("blob_id")
  REFERENCES "active_storage_blobs" ("id")
[0m
  [1m[35m (8.7ms)[0m  [1m[35mCREATE TABLE "schema_migrations" ("version" character varying NOT NULL PRIMARY KEY)[0m
  [1m[36mActiveRecord::SchemaMigration Pluck (0.5ms)[0m  [1m[34mSELECT "schema_migrations"."version" FROM "schema_migrations" ORDER BY "schema_migrations"."version" ASC[0m
  [1m[35m (3.0ms)[0m  [1m[32mINSERT INTO "schema_migrations" (version) VALUES (20230621165506)[0m
  [1m[35m (3.0ms)[0m  [1m[32mINSERT INTO "schema_migrations" (version) VALUES
(20230621162338),
(20230621162611),
(20230621165143);

[0m
  [1m[35m (8.8ms)[0m  [1m[35mCREATE TABLE "ar_internal_metadata" ("key" character varying NOT NULL PRIMARY KEY, "value" character varying, "created_at" timestamp(6) NOT NULL, "updated_at" timestamp(6) NOT NULL)[0m
  [1m[36mActiveRecord::InternalMetadata Load (0.3ms)[0m  [1m[34mSELECT "ar_internal_metadata".* FROM "ar_internal_metadata" WHERE "ar_internal_metadata"."key" = $1 LIMIT $2[0m  [["key", "environment"], ["LIMIT", 1]]
  [1m[36mTRANSACTION (0.1ms)[0m  [1m[35mBEGIN[0m
  [1m[36mActiveRecord::InternalMetadata Create (0.4ms)[0m  [1m[32mINSERT INTO "ar_internal_metadata" ("key", "value", "created_at", "updated_at") VALUES ($1, $2, $3, $4) RETURNING "key"[0m  [["key", "environment"], ["value", "development"], ["created_at", "2023-06-21 16:56:44.763255"], ["updated_at", "2023-06-21 16:56:44.763255"]]
  [1m[36mTRANSACTION (1.4ms)[0m  [1m[35mCOMMIT[0m
  [1m[36mActiveRecord::InternalMetadata Load (0.2ms)[0m  [1m[34mSELECT "ar_internal_metadata".* FROM "ar_internal_metadata" WHERE "ar_internal_metadata"."key" = $1 LIMIT $2[0m  [["key", "environment"], ["LIMIT", 1]]
  [1m[36mTRANSACTION (0.1ms)[0m  [1m[35mBEGIN[0m
  [1m[36mActiveRecord::InternalMetadata Update (0.3ms)[0m  [1m[33mUPDATE "ar_internal_metadata" SET "value" = $1, "updated_at" = $2 WHERE "ar_internal_metadata"."key" = $3[0m  [["value", "test"], ["updated_at", "2023-06-21 16:56:44.769267"], ["key", "environment"]]
  [1m[36mTRANSACTION (1.3ms)[0m  [1m[35mCOMMIT[0m
  [1m[36mActiveRecord::InternalMetadata Load (0.2ms)[0m  [1m[34mSELECT "ar_internal_metadata".* FROM "ar_internal_metadata" WHERE "ar_internal_metadata"."key" = $1 LIMIT $2[0m  [["key", "schema_sha1"], ["LIMIT", 1]]
  [1m[36mTRANSACTION (0.2ms)[0m  [1m[35mBEGIN[0m
  [1m[36mActiveRecord::InternalMetadata Create (0.9ms)[0m  [1m[32mINSERT INTO "ar_internal_metadata" ("key", "value", "created_at", "updated_at") VALUES ($1, $2, $3, $4) RETURNING "key"[0m  [["key", "schema_sha1"], ["value", "0981c84b76778c81fa76859c1fd753b53558e1ea"], ["created_at", "2023-06-21 16:56:44.774848"], ["updated_at", "2023-06-21 16:56:44.774848"]]
  [1m[36mTRANSACTION (2.0ms)[0m  [1m[35mCOMMIT[0m
  [1m[36mActiveRecord::SchemaMigration Pluck (0.4ms)[0m  [1m[34mSELECT "schema_migrations"."version" FROM "schema_migrations" ORDER BY "schema_migrations"."version" ASC[0m
  [1m[35m (0.2ms)[0m  [1m[34mSELECT pg_try_advisory_lock(8567812407348159525)[0m
  [1m[36mActiveRecord::SchemaMigration Pluck (0.4ms)[0m  [1m[34mSELECT "schema_migrations"."version" FROM "schema_migrations" ORDER BY "schema_migrations"."version" ASC[0m
  [1m[36mActiveRecord::InternalMetadata Load (0.3ms)[0m  [1m[34mSELECT "ar_internal_metadata".* FROM "ar_internal_metadata" WHERE "ar_internal_metadata"."key" = $1 LIMIT $2[0m  [["key", "environment"], ["LIMIT", 1]]
  [1m[35m (0.3ms)[0m  [1m[34mSELECT pg_advisory_unlock(8567812407348159525)[0m
  [1m[36mActiveRecord::SchemaMigration Pluck (0.4ms)[0m  [1m[34mSELECT "schema_migrations"."version" FROM "schema_migrations" ORDER BY "schema_migrations"."version" ASC[0m
  [1m[36mActiveRecord::SchemaMigration Pluck (0.6ms)[0m  [1m[34mSELECT "schema_migrations"."version" FROM "schema_migrations" ORDER BY "schema_migrations"."version" ASC[0m
  [1m[36mActiveRecord::SchemaMigration Pluck (0.7ms)[0m  [1m[34mSELECT "schema_migrations"."version" FROM "schema_migrations" ORDER BY "schema_migrations"."version" ASC[0m
  [1m[36mActiveRecord::InternalMetadata Pluck (0.5ms)[0m  [1m[34mSELECT "ar_internal_metadata"."value" FROM "ar_internal_metadata" WHERE "ar_internal_metadata"."key" = $1 LIMIT $2[0m  [["key", "environment"], ["LIMIT", 1]]
  [1m[36mActiveRecord::SchemaMigration Pluck (0.2ms)[0m  [1m[34mSELECT "schema_migrations"."version" FROM "schema_migrations" ORDER BY "schema_migrations"."version" ASC[0m
  [1m[36mActiveRecord::InternalMetadata Pluck (0.2ms)[0m  [1m[34mSELECT "ar_internal_metadata"."value" FROM "ar_internal_metadata" WHERE "ar_internal_metadata"."key" = $1 LIMIT $2[0m  [["key", "environment"], ["LIMIT", 1]]
  [1m[36mActiveRecord::SchemaMigration Pluck (0.2ms)[0m  [1m[34mSELECT "schema_migrations"."version" FROM "schema_migrations" ORDER BY "schema_migrations"."version" ASC[0m
  [1m[36mActiveRecord::InternalMetadata Pluck (0.2ms)[0m  [1m[34mSELECT "ar_internal_metadata"."value" FROM "ar_internal_metadata" WHERE "ar_internal_metadata"."key" = $1 LIMIT $2[0m  [["key", "environment"], ["LIMIT", 1]]
  [1m[35m (45.7ms)[0m  [1m[35mDROP DATABASE IF EXISTS "zane_office_development"[0m
  [1m[35m (36.0ms)[0m  [1m[35mDROP DATABASE IF EXISTS "zane_office_test"[0m
  [1m[35m (210.8ms)[0m  [1m[35mCREATE DATABASE "zane_office_development" ENCODING = 'unicode'[0m
  [1m[35m (180.0ms)[0m  [1m[35mCREATE DATABASE "zane_office_test" ENCODING = 'unicode'[0m
  [1m[35mSQL (14.7ms)[0m  [1m[35mCREATE EXTENSION IF NOT EXISTS "pgcrypto"[0m
  [1m[35mSQL (0.1ms)[0m  [1m[35mCREATE EXTENSION IF NOT EXISTS "plpgsql"[0m
  [1m[35m (0.3ms)[0m  [1m[35mDROP TABLE IF EXISTS "active_storage_attachments" CASCADE[0m
  [1m[35m (15.5ms)[0m  [1m[35mCREATE TABLE "active_storage_attachments" ("id" bigserial primary key, "name" character varying NOT NULL, "record_type" character varying NOT NULL, "record_id" bigint NOT NULL, "blob_id" bigint NOT NULL, "created_at" timestamp(6) NOT NULL)[0m
  [1m[35m (4.2ms)[0m  [1m[35mCREATE INDEX "index_active_storage_attachments_on_blob_id" ON "active_storage_attachments" ("blob_id")[0m
  [1m[35m (4.4ms)[0m  [1m[35mCREATE UNIQUE INDEX "index_active_storage_attachments_uniqueness" ON "active_storage_attachments" ("record_type", "record_id", "name", "blob_id")[0m
  [1m[35m (0.2ms)[0m  [1m[35mDROP TABLE IF EXISTS "active_storage_blobs" CASCADE[0m
  [1m[35m (8.5ms)[0m  [1m[35mCREATE TABLE "active_storage_blobs" ("id" bigserial primary key, "key" character varying NOT NULL, "filename" character varying NOT NULL, "content_type" character varying, "metadata" text, "service_name" character varying NOT NULL, "byte_size" bigint NOT NULL, "checksum" character varying, "created_at" timestamp(6) NOT NULL)[0m
  [1m[35m (4.9ms)[0m  [1m[35mCREATE UNIQUE INDEX "index_active_storage_blobs_on_key" ON "active_storage_blobs" ("key")[0m
  [1m[35m (0.2ms)[0m  [1m[35mDROP TABLE IF EXISTS "active_storage_variant_records" CASCADE[0m
  [1m[35m (7.5ms)[0m  [1m[35mCREATE TABLE "active_storage_variant_records" ("id" bigserial primary key, "blob_id" bigint NOT NULL, "variation_digest" character varying NOT NULL)[0m
  [1m[35m (4.0ms)[0m  [1m[35mCREATE UNIQUE INDEX "index_active_storage_variant_records_uniqueness" ON "active_storage_variant_records" ("blob_id", "variation_digest")[0m
  [1m[35m (0.2ms)[0m  [1m[35mDROP TABLE IF EXISTS "employees" CASCADE[0m
  [1m[35m (8.7ms)[0m  [1m[35mCREATE TABLE "employees" ("id" bigserial primary key, "user_name" character varying, "first_name" character varying, "last_name" character varying, "dob" date, "gender" character varying, "address" text, "join_date" date, "status" smallint, "email" character varying DEFAULT '' NOT NULL, "password_digest" character varying DEFAULT '' NOT NULL, "google_uid" character varying, "apple_uid" character varying, "phone_code" character varying, "phone_number" character varying, "email_verified_at" timestamp(6), "email_verification_token" character varying, "email_verification_sent_at" timestamp(6), "reset_password_token" character varying, "reset_password_sent_at" timestamp(6), "created_at" timestamp(6) NOT NULL, "updated_at" timestamp(6) NOT NULL)[0m
  [1m[35m (4.2ms)[0m  [1m[35mCREATE INDEX "index_employees_on_apple_uid" ON "employees" ("apple_uid")[0m
  [1m[35m (4.0ms)[0m  [1m[35mCREATE INDEX "index_employees_on_google_uid" ON "employees" ("google_uid")[0m
  [1m[35m (0.3ms)[0m  [1m[35mDROP TABLE IF EXISTS "employees_roles" CASCADE[0m
  [1m[35m (1.7ms)[0m  [1m[35mCREATE TABLE "employees_roles" ("employee_id" bigint, "role_id" bigint)[0m
  [1m[35m (4.0ms)[0m  [1m[35mCREATE INDEX "index_employees_roles_on_employee_id_and_role_id" ON "employees_roles" ("employee_id", "role_id")[0m
  [1m[35m (4.1ms)[0m  [1m[35mCREATE INDEX "index_employees_roles_on_employee_id" ON "employees_roles" ("employee_id")[0m
  [1m[35m (4.2ms)[0m  [1m[35mCREATE INDEX "index_employees_roles_on_role_id" ON "employees_roles" ("role_id")[0m
  [1m[35m (0.2ms)[0m  [1m[35mDROP TABLE IF EXISTS "roles" CASCADE[0m
  [1m[35m (7.6ms)[0m  [1m[35mCREATE TABLE "roles" ("id" bigserial primary key, "name" character varying, "resource_type" character varying, "resource_id" bigint, "created_at" timestamp(6) NOT NULL, "updated_at" timestamp(6) NOT NULL)[0m
  [1m[35m (4.3ms)[0m  [1m[35mCREATE INDEX "index_roles_on_name_and_resource_type_and_resource_id" ON "roles" ("name", "resource_type", "resource_id")[0m
  [1m[35m (4.1ms)[0m  [1m[35mCREATE INDEX "index_roles_on_resource" ON "roles" ("resource_type", "resource_id")[0m
  [1m[35m (4.4ms)[0m  [1m[35mALTER TABLE "active_storage_attachments" ADD CONSTRAINT "fk_rails_c3b3935057"
FOREIGN KEY ("blob_id")
  REFERENCES "active_storage_blobs" ("id")
[0m
  [1m[35m (1.9ms)[0m  [1m[35mALTER TABLE "active_storage_variant_records" ADD CONSTRAINT "fk_rails_993965df05"
FOREIGN KEY ("blob_id")
  REFERENCES "active_storage_blobs" ("id")
[0m
  [1m[35m (7.4ms)[0m  [1m[35mCREATE TABLE "schema_migrations" ("version" character varying NOT NULL PRIMARY KEY)[0m
  [1m[36mActiveRecord::SchemaMigration Pluck (0.7ms)[0m  [1m[34mSELECT "schema_migrations"."version" FROM "schema_migrations" ORDER BY "schema_migrations"."version" ASC[0m
  [1m[35m (1.7ms)[0m  [1m[32mINSERT INTO "schema_migrations" (version) VALUES (20230621165506)[0m
  [1m[35m (1.4ms)[0m  [1m[32mINSERT INTO "schema_migrations" (version) VALUES
(20230621162338),
(20230621162611),
(20230621165143);

[0m
  [1m[35m (7.7ms)[0m  [1m[35mCREATE TABLE "ar_internal_metadata" ("key" character varying NOT NULL PRIMARY KEY, "value" character varying, "created_at" timestamp(6) NOT NULL, "updated_at" timestamp(6) NOT NULL)[0m
  [1m[36mActiveRecord::InternalMetadata Load (0.3ms)[0m  [1m[34mSELECT "ar_internal_metadata".* FROM "ar_internal_metadata" WHERE "ar_internal_metadata"."key" = $1 LIMIT $2[0m  [["key", "environment"], ["LIMIT", 1]]
  [1m[36mTRANSACTION (0.1ms)[0m  [1m[35mBEGIN[0m
  [1m[36mActiveRecord::InternalMetadata Create (0.9ms)[0m  [1m[32mINSERT INTO "ar_internal_metadata" ("key", "value", "created_at", "updated_at") VALUES ($1, $2, $3, $4) RETURNING "key"[0m  [["key", "environment"], ["value", "development"], ["created_at", "2023-06-22 23:38:17.220112"], ["updated_at", "2023-06-22 23:38:17.220112"]]
  [1m[36mTRANSACTION (1.3ms)[0m  [1m[35mCOMMIT[0m
  [1m[36mActiveRecord::InternalMetadata Load (0.3ms)[0m  [1m[34mSELECT "ar_internal_metadata".* FROM "ar_internal_metadata" WHERE "ar_internal_metadata"."key" = $1 LIMIT $2[0m  [["key", "environment"], ["LIMIT", 1]]
  [1m[36mActiveRecord::InternalMetadata Load (0.2ms)[0m  [1m[34mSELECT "ar_internal_metadata".* FROM "ar_internal_metadata" WHERE "ar_internal_metadata"."key" = $1 LIMIT $2[0m  [["key", "schema_sha1"], ["LIMIT", 1]]
  [1m[36mTRANSACTION (0.1ms)[0m  [1m[35mBEGIN[0m
  [1m[36mActiveRecord::InternalMetadata Create (0.2ms)[0m  [1m[32mINSERT INTO "ar_internal_metadata" ("key", "value", "created_at", "updated_at") VALUES ($1, $2, $3, $4) RETURNING "key"[0m  [["key", "schema_sha1"], ["value", "0981c84b76778c81fa76859c1fd753b53558e1ea"], ["created_at", "2023-06-22 23:38:17.230386"], ["updated_at", "2023-06-22 23:38:17.230386"]]
  [1m[36mTRANSACTION (1.3ms)[0m  [1m[35mCOMMIT[0m
  [1m[35mSQL (9.5ms)[0m  [1m[35mCREATE EXTENSION IF NOT EXISTS "pgcrypto"[0m
  [1m[35mSQL (0.1ms)[0m  [1m[35mCREATE EXTENSION IF NOT EXISTS "plpgsql"[0m
  [1m[35m (0.2ms)[0m  [1m[35mDROP TABLE IF EXISTS "active_storage_attachments" CASCADE[0m
  [1m[35m (11.5ms)[0m  [1m[35mCREATE TABLE "active_storage_attachments" ("id" bigserial primary key, "name" character varying NOT NULL, "record_type" character varying NOT NULL, "record_id" bigint NOT NULL, "blob_id" bigint NOT NULL, "created_at" timestamp(6) NOT NULL)[0m
  [1m[35m (4.1ms)[0m  [1m[35mCREATE INDEX "index_active_storage_attachments_on_blob_id" ON "active_storage_attachments" ("blob_id")[0m
  [1m[35m (4.0ms)[0m  [1m[35mCREATE UNIQUE INDEX "index_active_storage_attachments_uniqueness" ON "active_storage_attachments" ("record_type", "record_id", "name", "blob_id")[0m
  [1m[35m (0.2ms)[0m  [1m[35mDROP TABLE IF EXISTS "active_storage_blobs" CASCADE[0m
  [1m[35m (8.1ms)[0m  [1m[35mCREATE TABLE "active_storage_blobs" ("id" bigserial primary key, "key" character varying NOT NULL, "filename" character varying NOT NULL, "content_type" character varying, "metadata" text, "service_name" character varying NOT NULL, "byte_size" bigint NOT NULL, "checksum" character varying, "created_at" timestamp(6) NOT NULL)[0m
  [1m[35m (4.1ms)[0m  [1m[35mCREATE UNIQUE INDEX "index_active_storage_blobs_on_key" ON "active_storage_blobs" ("key")[0m
  [1m[35m (0.2ms)[0m  [1m[35mDROP TABLE IF EXISTS "active_storage_variant_records" CASCADE[0m
  [1m[35m (7.6ms)[0m  [1m[35mCREATE TABLE "active_storage_variant_records" ("id" bigserial primary key, "blob_id" bigint NOT NULL, "variation_digest" character varying NOT NULL)[0m
  [1m[35m (4.1ms)[0m  [1m[35mCREATE UNIQUE INDEX "index_active_storage_variant_records_uniqueness" ON "active_storage_variant_records" ("blob_id", "variation_digest")[0m
  [1m[35m (0.2ms)[0m  [1m[35mDROP TABLE IF EXISTS "employees" CASCADE[0m
  [1m[35m (8.1ms)[0m  [1m[35mCREATE TABLE "employees" ("id" bigserial primary key, "user_name" character varying, "first_name" character varying, "last_name" character varying, "dob" date, "gender" character varying, "address" text, "join_date" date, "status" smallint, "email" character varying DEFAULT '' NOT NULL, "password_digest" character varying DEFAULT '' NOT NULL, "google_uid" character varying, "apple_uid" character varying, "phone_code" character varying, "phone_number" character varying, "email_verified_at" timestamp(6), "email_verification_token" character varying, "email_verification_sent_at" timestamp(6), "reset_password_token" character varying, "reset_password_sent_at" timestamp(6), "created_at" timestamp(6) NOT NULL, "updated_at" timestamp(6) NOT NULL)[0m
  [1m[35m (4.6ms)[0m  [1m[35mCREATE INDEX "index_employees_on_apple_uid" ON "employees" ("apple_uid")[0m
  [1m[35m (4.3ms)[0m  [1m[35mCREATE INDEX "index_employees_on_google_uid" ON "employees" ("google_uid")[0m
  [1m[35m (0.2ms)[0m  [1m[35mDROP TABLE IF EXISTS "employees_roles" CASCADE[0m
  [1m[35m (1.6ms)[0m  [1m[35mCREATE TABLE "employees_roles" ("employee_id" bigint, "role_id" bigint)[0m
  [1m[35m (4.0ms)[0m  [1m[35mCREATE INDEX "index_employees_roles_on_employee_id_and_role_id" ON "employees_roles" ("employee_id", "role_id")[0m
  [1m[35m (4.0ms)[0m  [1m[35mCREATE INDEX "index_employees_roles_on_employee_id" ON "employees_roles" ("employee_id")[0m
  [1m[35m (4.0ms)[0m  [1m[35mCREATE INDEX "index_employees_roles_on_role_id" ON "employees_roles" ("role_id")[0m
  [1m[35m (0.2ms)[0m  [1m[35mDROP TABLE IF EXISTS "roles" CASCADE[0m
  [1m[35m (7.6ms)[0m  [1m[35mCREATE TABLE "roles" ("id" bigserial primary key, "name" character varying, "resource_type" character varying, "resource_id" bigint, "created_at" timestamp(6) NOT NULL, "updated_at" timestamp(6) NOT NULL)[0m
  [1m[35m (4.0ms)[0m  [1m[35mCREATE INDEX "index_roles_on_name_and_resource_type_and_resource_id" ON "roles" ("name", "resource_type", "resource_id")[0m
  [1m[35m (4.4ms)[0m  [1m[35mCREATE INDEX "index_roles_on_resource" ON "roles" ("resource_type", "resource_id")[0m
  [1m[35m (2.6ms)[0m  [1m[35mALTER TABLE "active_storage_attachments" ADD CONSTRAINT "fk_rails_c3b3935057"
FOREIGN KEY ("blob_id")
  REFERENCES "active_storage_blobs" ("id")
[0m
  [1m[35m (2.0ms)[0m  [1m[35mALTER TABLE "active_storage_variant_records" ADD CONSTRAINT "fk_rails_993965df05"
FOREIGN KEY ("blob_id")
  REFERENCES "active_storage_blobs" ("id")
[0m
  [1m[35m (7.1ms)[0m  [1m[35mCREATE TABLE "schema_migrations" ("version" character varying NOT NULL PRIMARY KEY)[0m
  [1m[36mActiveRecord::SchemaMigration Pluck (0.4ms)[0m  [1m[34mSELECT "schema_migrations"."version" FROM "schema_migrations" ORDER BY "schema_migrations"."version" ASC[0m
  [1m[35m (1.5ms)[0m  [1m[32mINSERT INTO "schema_migrations" (version) VALUES (20230621165506)[0m
  [1m[35m (1.3ms)[0m  [1m[32mINSERT INTO "schema_migrations" (version) VALUES
(20230621162338),
(20230621162611),
(20230621165143);

[0m
  [1m[35m (8.0ms)[0m  [1m[35mCREATE TABLE "ar_internal_metadata" ("key" character varying NOT NULL PRIMARY KEY, "value" character varying, "created_at" timestamp(6) NOT NULL, "updated_at" timestamp(6) NOT NULL)[0m
  [1m[36mActiveRecord::InternalMetadata Load (0.3ms)[0m  [1m[34mSELECT "ar_internal_metadata".* FROM "ar_internal_metadata" WHERE "ar_internal_metadata"."key" = $1 LIMIT $2[0m  [["key", "environment"], ["LIMIT", 1]]
  [1m[36mTRANSACTION (0.1ms)[0m  [1m[35mBEGIN[0m
  [1m[36mActiveRecord::InternalMetadata Create (0.3ms)[0m  [1m[32mINSERT INTO "ar_internal_metadata" ("key", "value", "created_at", "updated_at") VALUES ($1, $2, $3, $4) RETURNING "key"[0m  [["key", "environment"], ["value", "development"], ["created_at", "2023-06-22 23:38:17.402234"], ["updated_at", "2023-06-22 23:38:17.402234"]]
  [1m[36mTRANSACTION (1.2ms)[0m  [1m[35mCOMMIT[0m
  [1m[36mActiveRecord::InternalMetadata Load (0.2ms)[0m  [1m[34mSELECT "ar_internal_metadata".* FROM "ar_internal_metadata" WHERE "ar_internal_metadata"."key" = $1 LIMIT $2[0m  [["key", "environment"], ["LIMIT", 1]]
  [1m[36mTRANSACTION (0.1ms)[0m  [1m[35mBEGIN[0m
  [1m[36mActiveRecord::InternalMetadata Update (0.5ms)[0m  [1m[33mUPDATE "ar_internal_metadata" SET "value" = $1, "updated_at" = $2 WHERE "ar_internal_metadata"."key" = $3[0m  [["value", "test"], ["updated_at", "2023-06-22 23:38:17.407425"], ["key", "environment"]]
  [1m[36mTRANSACTION (1.2ms)[0m  [1m[35mCOMMIT[0m
  [1m[36mActiveRecord::InternalMetadata Load (0.3ms)[0m  [1m[34mSELECT "ar_internal_metadata".* FROM "ar_internal_metadata" WHERE "ar_internal_metadata"."key" = $1 LIMIT $2[0m  [["key", "schema_sha1"], ["LIMIT", 1]]
  [1m[36mTRANSACTION (0.1ms)[0m  [1m[35mBEGIN[0m
  [1m[36mActiveRecord::InternalMetadata Create (0.2ms)[0m  [1m[32mINSERT INTO "ar_internal_metadata" ("key", "value", "created_at", "updated_at") VALUES ($1, $2, $3, $4) RETURNING "key"[0m  [["key", "schema_sha1"], ["value", "0981c84b76778c81fa76859c1fd753b53558e1ea"], ["created_at", "2023-06-22 23:38:17.412911"], ["updated_at", "2023-06-22 23:38:17.412911"]]
  [1m[36mTRANSACTION (1.3ms)[0m  [1m[35mCOMMIT[0m
  [1m[36mActiveRecord::SchemaMigration Pluck (0.5ms)[0m  [1m[34mSELECT "schema_migrations"."version" FROM "schema_migrations" ORDER BY "schema_migrations"."version" ASC[0m
  [1m[35m (0.2ms)[0m  [1m[34mSELECT pg_try_advisory_lock(8567812407348159525)[0m
  [1m[36mActiveRecord::SchemaMigration Pluck (0.4ms)[0m  [1m[34mSELECT "schema_migrations"."version" FROM "schema_migrations" ORDER BY "schema_migrations"."version" ASC[0m
  [1m[36mActiveRecord::InternalMetadata Load (0.3ms)[0m  [1m[34mSELECT "ar_internal_metadata".* FROM "ar_internal_metadata" WHERE "ar_internal_metadata"."key" = $1 LIMIT $2[0m  [["key", "environment"], ["LIMIT", 1]]
  [1m[35m (0.3ms)[0m  [1m[34mSELECT pg_advisory_unlock(8567812407348159525)[0m
  [1m[36mActiveRecord::SchemaMigration Pluck (0.4ms)[0m  [1m[34mSELECT "schema_migrations"."version" FROM "schema_migrations" ORDER BY "schema_migrations"."version" ASC[0m
  [1m[36mActiveRecord::SchemaMigration Pluck (0.2ms)[0m  [1m[34mSELECT "schema_migrations"."version" FROM "schema_migrations" ORDER BY "schema_migrations"."version" ASC[0m
  [1m[35m (0.2ms)[0m  [1m[34mSELECT pg_try_advisory_lock(8567812407348159525)[0m
  [1m[36mActiveRecord::SchemaMigration Pluck (0.4ms)[0m  [1m[34mSELECT "schema_migrations"."version" FROM "schema_migrations" ORDER BY "schema_migrations"."version" ASC[0m
  [1m[36mActiveRecord::InternalMetadata Load (0.3ms)[0m  [1m[34mSELECT "ar_internal_metadata".* FROM "ar_internal_metadata" WHERE "ar_internal_metadata"."key" = $1 LIMIT $2[0m  [["key", "environment"], ["LIMIT", 1]]
  [1m[35m (0.2ms)[0m  [1m[34mSELECT pg_advisory_unlock(8567812407348159525)[0m
  [1m[36mActiveRecord::SchemaMigration Pluck (0.4ms)[0m  [1m[34mSELECT "schema_migrations"."version" FROM "schema_migrations" ORDER BY "schema_migrations"."version" ASC[0m
  [1m[36mActiveRecord::SchemaMigration Pluck (0.2ms)[0m  [1m[34mSELECT "schema_migrations"."version" FROM "schema_migrations" ORDER BY "schema_migrations"."version" ASC[0m
  [1m[35m (0.2ms)[0m  [1m[34mSELECT pg_try_advisory_lock(8567812407348159525)[0m
  [1m[36mActiveRecord::SchemaMigration Pluck (0.4ms)[0m  [1m[34mSELECT "schema_migrations"."version" FROM "schema_migrations" ORDER BY "schema_migrations"."version" ASC[0m
  [1m[36mActiveRecord::InternalMetadata Load (0.2ms)[0m  [1m[34mSELECT "ar_internal_metadata".* FROM "ar_internal_metadata" WHERE "ar_internal_metadata"."key" = $1 LIMIT $2[0m  [["key", "environment"], ["LIMIT", 1]]
  [1m[35m (0.2ms)[0m  [1m[34mSELECT pg_advisory_unlock(8567812407348159525)[0m
  [1m[36mActiveRecord::SchemaMigration Pluck (0.5ms)[0m  [1m[34mSELECT "schema_migrations"."version" FROM "schema_migrations" ORDER BY "schema_migrations"."version" ASC[0m
  [1m[36mActiveRecord::SchemaMigration Pluck (0.3ms)[0m  [1m[34mSELECT "schema_migrations"."version" FROM "schema_migrations" ORDER BY "schema_migrations"."version" ASC[0m
Started GET "/" for ::1 at 2023-06-23 06:52:50 +0700
  [1m[36mActiveRecord::SchemaMigration Pluck (0.6ms)[0m  [1m[34mSELECT "schema_migrations"."version" FROM "schema_migrations" ORDER BY "schema_migrations"."version" ASC[0m
  
NameError (uninitialized constant ExceptionFilter::APIError

    rescue_from APIError::StandardError,
                ^^^^^^^^
Did you mean?  ApiError):
  
app/controllers/concerns/exception_filter.rb:20:in `block in <module:ExceptionFilter>'
app/controllers/application_controller.rb:7:in `include'
app/controllers/application_controller.rb:7:in `<class:ApplicationController>'
app/controllers/application_controller.rb:3:in `<main>'
app/controllers/supports_controller.rb:3:in `<main>'
Started GET "/" for ::1 at 2023-06-23 06:52:55 +0700
  
NameError (uninitialized constant ApplicationController::JSONAPIRender

  include JSONAPIRender
          ^^^^^^^^^^^^^):
  
app/controllers/application_controller.rb:8:in `<class:ApplicationController>'
app/controllers/application_controller.rb:3:in `<main>'
app/controllers/supports_controller.rb:3:in `<main>'
Started GET "/" for ::1 at 2023-06-23 06:52:57 +0700
  
NameError (uninitialized constant ApplicationController::JSONAPIRender

  include JSONAPIRender
          ^^^^^^^^^^^^^):
  
app/controllers/application_controller.rb:8:in `<class:ApplicationController>'
app/controllers/application_controller.rb:3:in `<main>'
app/controllers/supports_controller.rb:3:in `<main>'
Started GET "/" for ::1 at 2023-06-23 06:52:57 +0700
  
NameError (uninitialized constant ApplicationController::JSONAPIRender

  include JSONAPIRender
          ^^^^^^^^^^^^^):
  
app/controllers/application_controller.rb:8:in `<class:ApplicationController>'
app/controllers/application_controller.rb:3:in `<main>'
app/controllers/supports_controller.rb:3:in `<main>'
Started GET "/" for ::1 at 2023-06-23 06:54:45 +0700
  [1m[36mActiveRecord::SchemaMigration Pluck (0.6ms)[0m  [1m[34mSELECT "schema_migrations"."version" FROM "schema_migrations" ORDER BY "schema_migrations"."version" ASC[0m
  
NameError (uninitialized constant ExceptionFilter::APIError

    rescue_from APIError::StandardError,
                ^^^^^^^^
Did you mean?  ApiError):
  
app/controllers/concerns/exception_filter.rb:20:in `block in <module:ExceptionFilter>'
app/controllers/application_controller.rb:7:in `include'
app/controllers/application_controller.rb:7:in `<class:ApplicationController>'
app/controllers/application_controller.rb:3:in `<main>'
app/controllers/supports_controller.rb:3:in `<main>'
Started GET "/" for ::1 at 2023-06-23 06:54:50 +0700
  
NameError (uninitialized constant ApplicationController::JSONAPIRender

  include JSONAPIRender
          ^^^^^^^^^^^^^):
  
app/controllers/application_controller.rb:8:in `<class:ApplicationController>'
app/controllers/application_controller.rb:3:in `<main>'
app/controllers/supports_controller.rb:3:in `<main>'
Started GET "/" for ::1 at 2023-06-23 06:56:24 +0700
  
NameError (uninitialized constant ApplicationController::JSONAPIRender

  include JSONAPIRender
          ^^^^^^^^^^^^^):
  
app/controllers/application_controller.rb:8:in `<class:ApplicationController>'
app/controllers/application_controller.rb:3:in `<main>'
app/controllers/supports_controller.rb:3:in `<main>'
Started GET "/" for ::1 at 2023-06-23 06:56:52 +0700
  [1m[36mActiveRecord::SchemaMigration Pluck (0.5ms)[0m  [1m[34mSELECT "schema_migrations"."version" FROM "schema_migrations" ORDER BY "schema_migrations"."version" ASC[0m
  
NameError (uninitialized constant ApplicationController::JSONAPIRender

  include JSONAPIRender
          ^^^^^^^^^^^^^):
  
app/controllers/application_controller.rb:8:in `<class:ApplicationController>'
app/controllers/application_controller.rb:3:in `<main>'
app/controllers/supports_controller.rb:3:in `<main>'
Started GET "/" for ::1 at 2023-06-23 06:56:54 +0700
  
NameError (uninitialized constant ApplicationController::JSONAPIRender

  include JSONAPIRender
          ^^^^^^^^^^^^^):
  
app/controllers/application_controller.rb:8:in `<class:ApplicationController>'
app/controllers/application_controller.rb:3:in `<main>'
app/controllers/supports_controller.rb:3:in `<main>'
Started GET "/" for ::1 at 2023-06-23 06:56:55 +0700
  
NameError (uninitialized constant ApplicationController::JSONAPIRender

  include JSONAPIRender
          ^^^^^^^^^^^^^):
  
app/controllers/application_controller.rb:8:in `<class:ApplicationController>'
app/controllers/application_controller.rb:3:in `<main>'
app/controllers/supports_controller.rb:3:in `<main>'
Started GET "/" for ::1 at 2023-06-23 06:56:55 +0700
  
NameError (uninitialized constant ApplicationController::JSONAPIRender

  include JSONAPIRender
          ^^^^^^^^^^^^^):
  
app/controllers/application_controller.rb:8:in `<class:ApplicationController>'
app/controllers/application_controller.rb:3:in `<main>'
app/controllers/supports_controller.rb:3:in `<main>'
Started GET "/" for ::1 at 2023-06-23 06:56:56 +0700
  
NameError (uninitialized constant ApplicationController::JSONAPIRender

  include JSONAPIRender
          ^^^^^^^^^^^^^):
  
app/controllers/application_controller.rb:8:in `<class:ApplicationController>'
app/controllers/application_controller.rb:3:in `<main>'
app/controllers/supports_controller.rb:3:in `<main>'
Started GET "/" for ::1 at 2023-06-23 06:57:16 +0700
  
NameError (uninitialized constant ExceptionFilter::APIError

    rescue_from APIError::StandardError,
                ^^^^^^^^
Did you mean?  ApiError):
  
app/controllers/concerns/exception_filter.rb:20:in `block in <module:ExceptionFilter>'
app/controllers/application_controller.rb:7:in `include'
app/controllers/application_controller.rb:7:in `<class:ApplicationController>'
app/controllers/application_controller.rb:3:in `<main>'
app/controllers/supports_controller.rb:3:in `<main>'
Started GET "/" for ::1 at 2023-06-23 06:57:19 +0700
  
NameError (uninitialized constant ApplicationController::JSONAPIRender

  include JSONAPIRender
          ^^^^^^^^^^^^^):
  
app/controllers/application_controller.rb:8:in `<class:ApplicationController>'
app/controllers/application_controller.rb:3:in `<main>'
app/controllers/supports_controller.rb:3:in `<main>'
Started GET "/" for ::1 at 2023-06-23 06:57:20 +0700
  
NameError (uninitialized constant ApplicationController::JSONAPIRender

  include JSONAPIRender
          ^^^^^^^^^^^^^):
  
app/controllers/application_controller.rb:8:in `<class:ApplicationController>'
app/controllers/application_controller.rb:3:in `<main>'
app/controllers/supports_controller.rb:3:in `<main>'
Started GET "/" for ::1 at 2023-06-23 06:57:20 +0700
  
NameError (uninitialized constant ApplicationController::JSONAPIRender

  include JSONAPIRender
          ^^^^^^^^^^^^^):
  
app/controllers/application_controller.rb:8:in `<class:ApplicationController>'
app/controllers/application_controller.rb:3:in `<main>'
app/controllers/supports_controller.rb:3:in `<main>'
Started GET "/" for ::1 at 2023-06-23 06:57:21 +0700
  
NameError (uninitialized constant ApplicationController::JSONAPIRender

  include JSONAPIRender
          ^^^^^^^^^^^^^):
  
app/controllers/application_controller.rb:8:in `<class:ApplicationController>'
app/controllers/application_controller.rb:3:in `<main>'
app/controllers/supports_controller.rb:3:in `<main>'
Started GET "/" for ::1 at 2023-06-23 07:04:56 +0700
  
NameError (uninitialized constant ApplicationController::JSONAPIRender

  include JSONAPIRender
          ^^^^^^^^^^^^^):
  
app/controllers/application_controller.rb:8:in `<class:ApplicationController>'
app/controllers/application_controller.rb:3:in `<main>'
app/controllers/supports_controller.rb:3:in `<main>'
Started GET "/" for ::1 at 2023-06-23 07:05:03 +0700
  [1m[36mActiveRecord::SchemaMigration Pluck (0.4ms)[0m  [1m[34mSELECT "schema_migrations"."version" FROM "schema_migrations" ORDER BY "schema_migrations"."version" ASC[0m
Processing by SupportsController#home as */*
Completed 200 OK in 9ms (Views: 0.2ms | ActiveRecord: 0.0ms | Allocations: 2815)


Started POST "//api/v1/auth/signup" for ::1 at 2023-06-23 07:08:48 +0700
  
Zeitwerk::NameError (expected file /home/vantung/project/zane-office-api/app/controllers/api/v1/auth/registrations_controller.rb to define constant API::V1::Auth::RegistrationsController, but didn't

      raise Zeitwerk::NameError.new(msg, cref.last)
      ^^^^^):
  
zeitwerk (2.6.8) lib/zeitwerk/loader/callbacks.rb:25:in `on_file_autoloaded'
zeitwerk (2.6.8) lib/zeitwerk/kernel.rb:31:in `require'
activesupport (7.0.5) lib/active_support/inflector/methods.rb:280:in `const_get'
activesupport (7.0.5) lib/active_support/inflector/methods.rb:280:in `constantize'
activesupport (7.0.5) lib/active_support/core_ext/string/inflections.rb:74:in `constantize'
actionpack (7.0.5) lib/action_dispatch/http/request.rb:90:in `controller_class_for'
actionpack (7.0.5) lib/action_dispatch/request/utils.rb:95:in `action_encoding_template'
actionpack (7.0.5) lib/action_dispatch/request/utils.rb:83:in `encode'
actionpack (7.0.5) lib/action_dispatch/request/utils.rb:45:in `set_binary_encoding'
actionpack (7.0.5) lib/action_dispatch/http/parameters.rb:68:in `path_parameters='
actionpack (7.0.5) lib/action_dispatch/journey/router.rb:48:in `block in serve'
actionpack (7.0.5) lib/action_dispatch/journey/router.rb:32:in `each'
actionpack (7.0.5) lib/action_dispatch/journey/router.rb:32:in `serve'
actionpack (7.0.5) lib/action_dispatch/routing/route_set.rb:852:in `call'
rack (2.2.7) lib/rack/etag.rb:27:in `call'
rack (2.2.7) lib/rack/conditional_get.rb:40:in `call'
rack (2.2.7) lib/rack/head.rb:12:in `call'
activerecord (7.0.5) lib/active_record/migration.rb:603:in `call'
actionpack (7.0.5) lib/action_dispatch/middleware/callbacks.rb:27:in `block in call'
activesupport (7.0.5) lib/active_support/callbacks.rb:99:in `run_callbacks'
actionpack (7.0.5) lib/action_dispatch/middleware/callbacks.rb:26:in `call'
actionpack (7.0.5) lib/action_dispatch/middleware/executor.rb:14:in `call'
actionpack (7.0.5) lib/action_dispatch/middleware/actionable_exceptions.rb:17:in `call'
actionpack (7.0.5) lib/action_dispatch/middleware/debug_exceptions.rb:28:in `call'
actionpack (7.0.5) lib/action_dispatch/middleware/show_exceptions.rb:26:in `call'
railties (7.0.5) lib/rails/rack/logger.rb:40:in `call_app'
railties (7.0.5) lib/rails/rack/logger.rb:25:in `block in call'
activesupport (7.0.5) lib/active_support/tagged_logging.rb:99:in `block in tagged'
activesupport (7.0.5) lib/active_support/tagged_logging.rb:37:in `tagged'
activesupport (7.0.5) lib/active_support/tagged_logging.rb:99:in `tagged'
railties (7.0.5) lib/rails/rack/logger.rb:25:in `call'
actionpack (7.0.5) lib/action_dispatch/middleware/remote_ip.rb:93:in `call'
actionpack (7.0.5) lib/action_dispatch/middleware/request_id.rb:26:in `call'
rack (2.2.7) lib/rack/runtime.rb:22:in `call'
activesupport (7.0.5) lib/active_support/cache/strategy/local_cache_middleware.rb:29:in `call'
actionpack (7.0.5) lib/action_dispatch/middleware/server_timing.rb:61:in `block in call'
actionpack (7.0.5) lib/action_dispatch/middleware/server_timing.rb:26:in `collect_events'
actionpack (7.0.5) lib/action_dispatch/middleware/server_timing.rb:60:in `call'
actionpack (7.0.5) lib/action_dispatch/middleware/executor.rb:14:in `call'
actionpack (7.0.5) lib/action_dispatch/middleware/static.rb:23:in `call'
rack (2.2.7) lib/rack/sendfile.rb:110:in `call'
actionpack (7.0.5) lib/action_dispatch/middleware/host_authorization.rb:137:in `call'
railties (7.0.5) lib/rails/engine.rb:530:in `call'
puma (5.6.6) lib/puma/configuration.rb:252:in `call'
puma (5.6.6) lib/puma/request.rb:77:in `block in handle_request'
puma (5.6.6) lib/puma/thread_pool.rb:340:in `with_force_shutdown'
puma (5.6.6) lib/puma/request.rb:76:in `handle_request'
puma (5.6.6) lib/puma/server.rb:443:in `process_client'
puma (5.6.6) lib/puma/thread_pool.rb:147:in `block in spawn_thread'
Started POST "//api/v1/auth/signup" for ::1 at 2023-06-23 07:09:57 +0700
Processing by API::V1::Auth::RegistrationsController#create as */*
Completed 500 Internal Server Error in 14ms (ActiveRecord: 0.0ms | Allocations: 2304)


  
NameError (uninitialized constant API::V1::Auth::RegisterEmployeeService

          employee = Auth::RegisterEmployeeService.call(employee_params)
                         ^^^^^^^^^^^^^^^^^^^^^^^^^):
  
app/controllers/api/v1/auth/registrations_controller.rb:8:in `create'
Started POST "//api/v1/auth/signup" for ::1 at 2023-06-23 07:12:34 +0700
Processing by API::V1::Auth::RegistrationsController#create as */*
Completed 500 Internal Server Error in 3ms (ActiveRecord: 0.0ms | Allocations: 2169)


  
NameError (uninitialized constant RegisterEmployeeService

          employee = ::RegisterEmployeeService.call(employee_params)
                     ^^^^^^^^^^^^^^^^^^^^^^^^^):
  
app/controllers/api/v1/auth/registrations_controller.rb:8:in `create'
Started POST "//api/v1/auth/signup" for ::1 at 2023-06-23 07:13:20 +0700
Processing by API::V1::Auth::RegistrationsController#create as */*
Completed 500 Internal Server Error in 2ms (ActiveRecord: 0.0ms | Allocations: 1013)


  
Zeitwerk::NameError (expected file /home/vantung/project/zane-office-api/app/services/auth/register_employee_service.rb to define constant Auth::RegisterEmployeeService, but didn't

      raise Zeitwerk::NameError.new(msg, cref.last)
      ^^^^^):
  
app/controllers/api/v1/auth/registrations_controller.rb:8:in `create'
Started POST "//api/v1/auth/signup" for ::1 at 2023-06-23 07:14:30 +0700
Processing by API::V1::Auth::RegistrationsController#create as */*
Completed 500 Internal Server Error in 3ms (ActiveRecord: 0.0ms | Allocations: 978)


  
Zeitwerk::NameError (expected file /home/vantung/project/zane-office-api/app/services/authetication/register_employee_service.rb to define constant Authetication::RegisterEmployeeService, but didn't

      raise Zeitwerk::NameError.new(msg, cref.last)
      ^^^^^):
  
app/controllers/api/v1/auth/registrations_controller.rb:8:in `create'
Started POST "//api/v1/auth/signup" for ::1 at 2023-06-23 07:14:36 +0700
  [1m[36mActiveRecord::SchemaMigration Pluck (0.5ms)[0m  [1m[34mSELECT "schema_migrations"."version" FROM "schema_migrations" ORDER BY "schema_migrations"."version" ASC[0m
Processing by API::V1::Auth::RegistrationsController#create as */*
Completed 500 Internal Server Error in 23ms (ActiveRecord: 0.0ms | Allocations: 3980)


  
Zeitwerk::NameError (expected file /home/vantung/project/zane-office-api/app/services/authetication/register_employee_service.rb to define constant Authetication::RegisterEmployeeService, but didn't

      raise Zeitwerk::NameError.new(msg, cref.last)
      ^^^^^):
  
app/controllers/api/v1/auth/registrations_controller.rb:8:in `create'
Started POST "//api/v1/auth/signup" for ::1 at 2023-06-23 07:16:33 +0700
Processing by API::V1::Auth::RegistrationsController#create as */*
Completed 500 Internal Server Error in 3ms (ActiveRecord: 0.0ms | Allocations: 2297)


  
NameError (uninitialized constant API::V1::Auth::RegisterEmployeeService

          employee = Auth::RegisterEmployeeService.call(employee_params)
                         ^^^^^^^^^^^^^^^^^^^^^^^^^):
  
app/controllers/api/v1/auth/registrations_controller.rb:8:in `create'
Started POST "//api/v1/auth/signup" for ::1 at 2023-06-23 07:17:34 +0700
  [1m[36mActiveRecord::SchemaMigration Pluck (0.5ms)[0m  [1m[34mSELECT "schema_migrations"."version" FROM "schema_migrations" ORDER BY "schema_migrations"."version" ASC[0m
Processing by API::V1::Auth::RegistrationsController#create as */*
param is missing or the value is empty: employee
Completed 500 Internal Server Error in 32ms (ActiveRecord: 0.0ms | Allocations: 6042)


  
NameError (uninitialized constant ExceptionFilter::APIErrorSerializer

    render json: APIErrorSerializer.new(error), status: error.status
                 ^^^^^^^^^^^^^^^^^^):
  
app/controllers/concerns/exception_filter.rb:31:in `render_api_error'
app/controllers/concerns/exception_filter.rb:18:in `block (2 levels) in <module:ExceptionFilter>'
Started POST "//api/v1/auth/signup" for ::1 at 2023-06-23 07:33:32 +0700
Processing by API::V1::Auth::RegistrationsController#create as */*
param is missing or the value is empty: employee
Completed 500 Internal Server Error in 11ms (Allocations: 2871)


  
NameError (uninitialized constant ExceptionFilter::APIErrorSerializer

    render json: APIErrorSerializer.new(error), status: error.status
                 ^^^^^^^^^^^^^^^^^^):
  
app/controllers/concerns/exception_filter.rb:31:in `render_api_error'
app/controllers/concerns/exception_filter.rb:18:in `block (2 levels) in <module:ExceptionFilter>'
Started POST "//api/v1/auth/signup" for ::1 at 2023-06-23 07:33:38 +0700
  [1m[36mActiveRecord::SchemaMigration Pluck (0.7ms)[0m  [1m[34mSELECT "schema_migrations"."version" FROM "schema_migrations" ORDER BY "schema_migrations"."version" ASC[0m
Processing by API::V1::Auth::RegistrationsController#create as */*
param is missing or the value is empty: employee
Completed 500 Internal Server Error in 28ms (ActiveRecord: 0.0ms | Allocations: 5982)


  
NameError (uninitialized constant ExceptionFilter::APIErrorSerializer

    render json: APIErrorSerializer.new(error), status: error.status
                 ^^^^^^^^^^^^^^^^^^):
  
app/controllers/concerns/exception_filter.rb:31:in `render_api_error'
app/controllers/concerns/exception_filter.rb:18:in `block (2 levels) in <module:ExceptionFilter>'
Started POST "//api/v1/auth/signup" for ::1 at 2023-06-23 07:34:34 +0700
Processing by API::V1::Auth::RegistrationsController#create as */*
param is missing or the value is empty: employee
Completed 500 Internal Server Error in 4ms (ActiveRecord: 0.0ms | Allocations: 2339)


  
NameError (uninitialized constant ExceptionFilter::APIErrorSerializer

    render json: APIErrorSerializer.new(error), status: error.status
                 ^^^^^^^^^^^^^^^^^^):
  
app/controllers/concerns/exception_filter.rb:31:in `render_api_error'
app/controllers/concerns/exception_filter.rb:18:in `block (2 levels) in <module:ExceptionFilter>'
Started POST "//api/v1/auth/signup" for ::1 at 2023-06-23 07:34:51 +0700
  [1m[36mActiveRecord::SchemaMigration Pluck (0.4ms)[0m  [1m[34mSELECT "schema_migrations"."version" FROM "schema_migrations" ORDER BY "schema_migrations"."version" ASC[0m
Processing by API::V1::Auth::RegistrationsController#create as */*
param is missing or the value is empty: employee
Completed 400 Bad Request in 23ms (Views: 0.3ms | ActiveRecord: 0.0ms | Allocations: 4103)


